<?xml version="1.0" encoding="UTF-8"?>
<!-- Generated by org.testng.reporters.JUnitReportReporter -->
<testsuite skipped="4" hostname="LAPTOP-CLA2OAMQ" name="redbusWebsiteCalls.HomePageCalls" tests="5" failures="0" timestamp="14 Jul 2017 03:25:59 GMT" time="18.984" errors="0">
  <testcase name="homePageBusTicketBookingCheck" time="18.984" classname="redbusWebsiteCalls.HomePageCalls"/>
  <testcase name="homePageBusTicketLinkCheck" classname="redbusWebsiteCalls.HomePageCalls">
    <skipped/>
  </testcase> <!-- homePageBusTicketLinkCheck -->
  <testcase name="homePageHotelLinkCheck" classname="redbusWebsiteCalls.HomePageCalls">
    <skipped/>
  </testcase> <!-- homePageHotelLinkCheck -->
  <testcase name="homePagePilgrimageLinkCheck" classname="redbusWebsiteCalls.HomePageCalls">
    <skipped/>
  </testcase> <!-- homePagePilgrimageLinkCheck -->
  <testcase name="homePageBusHireLinkCheck" classname="redbusWebsiteCalls.HomePageCalls">
    <skipped/>
  </testcase> <!-- homePageBusHireLinkCheck -->
</testsuite> <!-- redbusWebsiteCalls.HomePageCalls -->
